\BOOKMARK [1][-]{section.1}{\376\377\176\317\155\116\133\146\151\202\217\360\377\032\176\317\155\116\133\146\123\101\131\047\127\372\147\054\123\237\164\006}{}% 1
\BOOKMARK [2][-]{subsection.1.1}{\376\377\116\272\116\354\227\142\116\064\127\107\210\141\123\326\202\015}{section.1}% 2
\BOOKMARK [2][-]{subsection.1.2}{\376\377\147\320\116\233\116\034\211\177\166\204\142\020\147\054\146\057\116\072\116\206\137\227\122\060\133\203\142\100\145\076\137\003\166\204\116\034\211\177}{section.1}% 3
\BOOKMARK [2][-]{subsection.1.3}{\376\377\164\006\140\047\116\272\200\003\206\121\217\271\226\105\221\317}{section.1}% 4
\BOOKMARK [2][-]{subsection.1.4}{\376\377\116\272\116\354\117\032\133\371\157\300\122\261\120\132\121\372\123\315\136\224}{section.1}% 5
\BOOKMARK [2][-]{subsection.1.5}{\376\377\215\070\146\023\123\357\116\345\117\177\153\317\116\052\116\272\166\204\162\266\121\265\123\330\137\227\146\364\131\175}{section.1}% 6
\BOOKMARK [2][-]{subsection.1.6}{\376\377\136\002\127\072\220\032\136\070\146\057\176\304\176\307\176\317\155\116\155\073\122\250\166\204\116\000\171\315\131\175\145\271\154\325}{section.1}% 7
\BOOKMARK [2][-]{subsection.1.7}{\376\377\145\077\136\234\147\011\145\366\123\357\116\345\145\071\125\204\136\002\127\072\176\323\147\234}{section.1}% 8
\BOOKMARK [2][-]{subsection.1.8}{\376\377\116\000\126\375\166\204\165\037\155\073\154\064\136\163\123\326\121\263\116\216\133\203\165\037\116\247\162\151\124\301\116\016\147\015\122\241\166\204\200\375\122\233}{section.1}% 9
\BOOKMARK [2][-]{subsection.1.9}{\376\377\137\123\145\077\136\234\123\321\210\114\116\206\217\307\131\032\215\047\136\001\145\366\377\014\162\151\116\367\116\012\123\107}{section.1}% 10
\BOOKMARK [2][-]{subsection.1.10}{\376\377\171\076\117\032\227\142\116\064\220\032\215\047\201\250\200\300\116\016\131\061\116\032\116\113\225\364\166\204\167\355\147\037\147\103\210\141\123\326\202\015}{section.1}% 11
\BOOKMARK [2][-]{subsection.1.11}{\376\377\176\317\155\116\133\146\145\350\127\050\122\006\147\220\171\076\117\032\133\371\172\000\177\072\215\104\156\220\166\204\173\241\164\006\377\014\116\073\211\201\170\024\172\166\116\015\124\014\133\371\214\141\131\202\117\125\120\132\121\263\173\126\060\002}{section.1}% 12
\BOOKMARK [2][-]{subsection.1.12}{\376\377\137\256\211\302\176\317\155\116\133\146\116\016\133\217\211\302\176\317\155\116\133\146}{section.1}% 13
\BOOKMARK [2][-]{subsection.1.13}{\376\377\176\317\155\116\133\146\116\011\211\201\175\040\377\032\127\372\147\054\151\202\137\365\060\001\123\237\164\006\123\312\152\041\127\213}{section.1}% 14
\BOOKMARK [2][-]{subsection.1.14}{\376\377\133\236\213\301\176\317\155\116\133\146\116\016\211\304\203\003\176\317\155\116\133\146}{section.1}% 15
\BOOKMARK [2][-]{subsection.1.15}{\376\377\137\252\163\257\155\101\221\317\126\376}{section.1}% 16
\BOOKMARK [1][-]{section.2}{\376\377\215\070\146\023\116\016\153\324\217\203\117\030\122\277}{}% 17
\BOOKMARK [2][-]{subsection.2.1}{\376\377\165\037\116\247\123\357\200\375\140\047\217\271\165\114}{section.2}% 18
\BOOKMARK [2][-]{subsection.2.2}{\376\377\153\324\217\203\117\030\122\277\116\016\215\070\146\023}{section.2}% 19
\BOOKMARK [1][-]{section.3}{\376\377\117\233\176\331\116\016\227\000\154\102}{}% 20
\BOOKMARK [2][-]{subsection.3.1}{\376\377\136\002\127\072\116\016\172\336\116\211}{section.3}% 21
\BOOKMARK [2][-]{subsection.3.2}{\376\377\227\000\154\102\116\016\117\233\176\331}{section.3}% 22
\BOOKMARK [3][-]{subsubsection.3.2.1}{\376\377\227\000\154\102\000\050\000D\000e\000m\000a\000n\000d\000\051}{subsection.3.2}% 23
\BOOKMARK [3][-]{subsubsection.3.2.2}{\376\377\227\000\154\102\146\362\176\277\000\040\000\050\000D\000e\000m\000a\000n\000d\000\040\000C\000u\000r\000v\000e\000\051}{subsection.3.2}% 24
\BOOKMARK [3][-]{subsubsection.3.2.3}{\376\377\117\233\176\331\000\040\000\050\000S\000u\000p\000p\000l\000y\000\051}{subsection.3.2}% 25
\BOOKMARK [3][-]{subsubsection.3.2.4}{\376\377\117\233\176\331\146\362\176\277\000\040\000\050\000S\000u\000p\000p\000l\000y\000\040\000C\000u\000r\000v\000e\000\051}{subsection.3.2}% 26
\BOOKMARK [3][-]{subsubsection.3.2.5}{\376\377\117\233\176\331\116\016\227\000\154\102\166\204\127\107\210\141}{subsection.3.2}% 27
\BOOKMARK [3][-]{subsubsection.3.2.6}{\376\377\122\006\147\220\127\107\210\141\166\204\123\330\122\250}{subsection.3.2}% 28
\BOOKMARK [2][-]{subsection.3.3}{\376\377\137\071\140\047}{section.3}% 29
\BOOKMARK [3][-]{subsubsection.3.3.1}{\376\377\227\000\154\102\116\367\150\074\137\071\140\047}{subsection.3.3}% 30
\BOOKMARK [3][-]{subsubsection.3.3.2}{\376\377\117\233\176\331\116\367\150\074\137\071\140\047\116\016\117\233\176\331\146\362\176\277}{subsection.3.3}% 31
\BOOKMARK [1][-]{section.4}{\376\377\172\016\145\066\116\016\145\077\136\234\145\077\173\126}{}% 32
\BOOKMARK [2][-]{subsection.4.1}{\376\377\116\367\150\074\143\247\122\066}{section.4}% 33
\BOOKMARK [3][-]{subsubsection.4.1.1}{\376\377\116\367\150\074\116\012\226\120\000\040\000\050\000p\000r\000i\000c\000e\000\040\000c\000e\000i\000l\000i\000n\000g\000\051}{subsection.4.1}% 34
\BOOKMARK [3][-]{subsubsection.4.1.2}{\376\377\116\367\150\074\116\013\226\120\000\040\000\050\000p\000r\000i\000c\000e\000\040\000f\000l\000o\000o\000r\000\051}{subsection.4.1}% 35
\BOOKMARK [2][-]{subsection.4.2}{\376\377\172\016\145\066}{section.4}% 36
\BOOKMARK [3][-]{subsubsection.4.2.1}{\376\377\176\303\116\140\230\230}{subsection.4.2}% 37
\BOOKMARK [1][-]{section.5}{\376\377\171\217\122\051\176\317\155\116\133\146}{}% 38
\BOOKMARK [2][-]{subsection.5.1}{\376\377\116\160\200\005\166\204\122\051\166\312\377\032\155\210\215\071\200\005\122\151\117\131}{section.5}% 39
\BOOKMARK [2][-]{subsection.5.2}{\376\377\123\126\200\005\166\204\122\051\166\312\377\032\165\037\116\247\200\005\122\151\117\131}{section.5}% 40
\BOOKMARK [3][-]{subsubsection.5.2.1}{\376\377\142\020\147\054\116\016\117\233\176\331\146\362\176\277}{subsection.5.2}% 41
\BOOKMARK [3][-]{subsubsection.5.2.2}{\376\377\165\037\116\247\200\005\122\151\117\131\116\016\117\233\176\331\146\362\176\277}{subsection.5.2}% 42
\BOOKMARK [2][-]{subsection.5.3}{\376\377\136\002\127\072\145\110\163\207\377\010\136\002\127\072\140\073\171\217\122\051\377\011}{section.5}% 43
\BOOKMARK [2][-]{subsection.5.4}{\376\377\172\016\145\066\166\204\116\343\116\367}{section.5}% 44
\BOOKMARK [1][-]{section.6}{\376\377\131\026\220\350\140\047}{}% 45
\BOOKMARK [2][-]{subsection.6.1}{\376\377\131\026\220\350\140\047\124\214\136\002\127\072\145\340\145\110\163\207}{section.6}% 46
\BOOKMARK [3][-]{subsubsection.6.1.1}{\376\377\215\037\131\026\220\350\140\047}{subsection.6.1}% 47
\BOOKMARK [3][-]{subsubsection.6.1.2}{\376\377\153\143\131\026\220\350\140\047}{subsection.6.1}% 48
\BOOKMARK [2][-]{subsection.6.2}{\376\377\224\210\133\371\131\026\220\350\140\047\166\204\145\077\136\234\211\343\121\263\145\271\154\325}{section.6}% 49
\BOOKMARK [3][-]{subsubsection.6.2.1}{\376\377\124\175\116\344\116\016\143\247\122\066\145\077\173\126\377\032\166\364\143\245\173\241\122\066}{subsection.6.2}% 50
\BOOKMARK [3][-]{subsubsection.6.2.2}{\376\377\116\345\136\002\127\072\116\072\127\372\170\100\166\204\145\077\173\126\000\040\000\050\000m\000a\000r\000k\000e\000t\000-\000b\000a\000s\000e\000d\000\051}{subsection.6.2}% 51
\BOOKMARK [2][-]{subsection.6.3}{\376\377\121\154\121\161\162\151\124\301\116\016\121\154\121\161\215\104\156\220}{section.6}% 52
\BOOKMARK [1][-]{section.7}{\376\377\165\037\116\247\142\020\147\054}{}% 53
\BOOKMARK [2][-]{subsection.7.1}{\376\377\165\037\116\247\116\016\142\020\147\054}{section.7}% 54
\BOOKMARK [3][-]{subsubsection.7.1.1}{\376\377\142\020\147\054}{subsection.7.1}% 55
\BOOKMARK [3][-]{subsubsection.7.1.2}{\376\377\165\037\116\247\121\375\145\160}{subsection.7.1}% 56
\BOOKMARK [2][-]{subsection.7.2}{\376\377\142\020\147\054\166\204\210\141\221\317\143\007\150\007}{section.7}% 57
\BOOKMARK [2][-]{subsection.7.3}{\376\377\167\355\147\037\142\020\147\054\116\016\225\177\147\037\142\020\147\054}{section.7}% 58
\BOOKMARK [3][-]{subsubsection.7.3.1}{\376\377\167\355\147\037\116\016\225\177\147\037}{subsection.7.3}% 59
\BOOKMARK [3][-]{subsubsection.7.3.2}{\376\377\211\304\152\041\176\317\155\116}{subsection.7.3}% 60
\BOOKMARK [1][-]{section.8}{\376\377\172\336\116\211\136\002\127\072}{}% 61
\BOOKMARK [2][-]{subsection.8.1}{\376\377\116\300\116\110\146\057\172\336\116\211\136\002\127\072}{section.8}% 62
\BOOKMARK [2][-]{subsection.8.2}{\376\377\122\051\155\246\147\000\131\047\123\026}{section.8}% 63
\BOOKMARK [2][-]{subsection.8.3}{\376\377\172\336\116\211\117\001\116\032\166\204\124\004\171\315\145\066\166\312}{section.8}% 64
\BOOKMARK [2][-]{subsection.8.4}{\376\377\172\336\116\211\117\001\116\032\166\204\122\051\155\246\147\000\131\047\123\026\377\032\220\032\217\307\220\011\142\351\147\000\117\030\166\204\116\247\221\317}{section.8}% 65
\BOOKMARK [2][-]{subsection.8.5}{\376\377\117\001\116\032\166\204\167\355\147\037\120\134\153\142\204\045\116\032\116\016\225\177\147\037\220\000\121\372\136\002\127\072}{section.8}% 66
\BOOKMARK [3][-]{subsubsection.8.5.1}{\376\377\117\001\116\032\166\204\167\355\147\037\121\263\173\126\377\032\120\134\153\142\204\045\116\032}{subsection.8.5}% 67
\BOOKMARK [3][-]{subsubsection.8.5.2}{\376\377\117\001\116\032\166\204\225\177\147\037\121\263\173\126\377\032\220\000\121\372\136\002\127\072}{subsection.8.5}% 68
\BOOKMARK [3][-]{subsubsection.8.5.3}{\376\377\117\001\116\032\166\204\225\177\147\037\121\263\173\126\377\032\217\333\121\145\136\002\127\072}{subsection.8.5}% 69
\BOOKMARK [3][-]{subsubsection.8.5.4}{\376\377\172\336\116\211\117\001\116\032\166\204\122\051\155\246}{subsection.8.5}% 70
\BOOKMARK [2][-]{subsection.8.6}{\376\377\172\336\116\211\136\002\127\072\116\055\166\204\117\233\176\331\146\362\176\277}{section.8}% 71
\BOOKMARK [1][-]{section.9}{\376\377\127\204\145\255\124\214\127\204\145\255\172\336\116\211\136\002\127\072}{}% 72
\BOOKMARK [2][-]{subsection.9.1}{\376\377\116\300\116\110\146\057\127\204\145\255}{section.9}% 73
\BOOKMARK [2][-]{subsection.9.2}{\376\377\136\177\124\112}{section.9}% 74
\BOOKMARK [1][-]{section.10}{\376\377\133\341\131\064\136\002\127\072}{}% 75
\BOOKMARK [2][-]{subsection.10.1}{\376\377\133\341\131\064\136\002\127\072\116\016\123\132\137\010\213\272}{section.10}% 76
\BOOKMARK [3][-]{subsubsection.10.1.1}{\376\377\133\341\131\064}{subsection.10.1}% 77
\BOOKMARK [3][-]{subsubsection.10.1.2}{\376\377\123\132\137\010\213\272}{subsection.10.1}% 78
